Arguments: 
  /usr/bin/node /usr/share/yarn/bin/yarn.js add @types/enmap

PATH: 
  /usr/local/sbin:/usr/local/bin:/usr/sbin:/usr/bin:/sbin:/bin:/snap/bin

Yarn version: 
  1.13.0

Node version: 
  10.15.3

Platform: 
  linux x64

Trace: 
  Error: https://registry.yarnpkg.com/@types%2fenmap: Not found
      at Request.params.callback [as _callback] (/usr/share/yarn/lib/cli.js:66255:18)
      at Request.self.callback (/usr/share/yarn/lib/cli.js:129397:22)
      at Request.emit (events.js:189:13)
      at Request.<anonymous> (/usr/share/yarn/lib/cli.js:130369:10)
      at Request.emit (events.js:189:13)
      at IncomingMessage.<anonymous> (/usr/share/yarn/lib/cli.js:130291:12)
      at Object.onceWrapper (events.js:277:13)
      at IncomingMessage.emit (events.js:194:15)
      at endReadableNT (_stream_readable.js:1125:12)
      at process._tickCallback (internal/process/next_tick.js:63:19)

npm manifest: 
  {
    "name": "YATB",
    "version": "0.5.0",
    "description": "A Typescript Bot Based Of Discord.js v12",
    "main": "build/index.js",
    "repository": "https://github.com/ionadev/YATB.git",
    "author": "Piyush Bhangale",
    "license": "MIT",
    "private": false,
    "dependencies": {
      "@types/node": "^11.11.3",
      "discord.js": "discordjs/discord.js#df1889ab4902416de2bf6b3c144d55e35dbf116f",
      "enmap": "^4.8.1",
      "fs-nextra": "^0.4.5",
      "typescript": "^3.3.3333"
    },
    "scripts": {
      "start": "node build/index.js",
      "build": "tsc"
    }
  }

yarn manifest: 
  No manifest

Lockfile: 
  # THIS IS AN AUTOGENERATED FILE. DO NOT EDIT THIS FILE DIRECTLY.
  # yarn lockfile v1
  
  
  "@types/node@^11.11.3":
    version "11.11.3"
    resolved "https://registry.yarnpkg.com/@types/node/-/node-11.11.3.tgz#7c6b0f8eaf16ae530795de2ad1b85d34bf2f5c58"
    integrity sha512-wp6IOGu1lxsfnrD+5mX6qwSwWuqsdkKKxTN4aQc4wByHAKZJf9/D4KXPQ1POUjEbnCP5LMggB0OEFNY9OTsMqg==
  
  async-limiter@~1.0.0:
    version "1.0.0"
    resolved "https://registry.yarnpkg.com/async-limiter/-/async-limiter-1.0.0.tgz#78faed8c3d074ab81f22b4e985d79e8738f720f8"
    integrity sha512-jp/uFnooOiO+L211eZOoSyzpOITMXx1rBITauYykG3BRYPu8h0UcxsPNB04RR5vo4Tyz3+ay17tR6JVf9qzYWg==
  
  asynckit@^0.4.0:
    version "0.4.0"
    resolved "https://registry.yarnpkg.com/asynckit/-/asynckit-0.4.0.tgz#c79ed97f7f34cb8f2ba1bc9790bcc366474b4b79"
    integrity sha1-x57Zf380y48robyXkLzDZkdLS3k=
  
  combined-stream@^1.0.6:
    version "1.0.7"
    resolved "https://registry.yarnpkg.com/combined-stream/-/combined-stream-1.0.7.tgz#2d1d24317afb8abe95d6d2c0b07b57813539d828"
    integrity sha512-brWl9y6vOB1xYPZcpZde3N9zDByXTosAeMDo4p1wzo6UMOX4vumB+TP1RZ76sfE6Md68Q0NJSrE/gbezd4Ul+w==
    dependencies:
      delayed-stream "~1.0.0"
  
  delayed-stream@~1.0.0:
    version "1.0.0"
    resolved "https://registry.yarnpkg.com/delayed-stream/-/delayed-stream-1.0.0.tgz#df3ae199acadfb7d440aaae0b29e2272b24ec619"
    integrity sha1-3zrhmayt+31ECqrgsp4icrJOxhk=
  
  discord.js@discordjs/discord.js#df1889ab4902416de2bf6b3c144d55e35dbf116f:
    version "12.0.0-dev"
    resolved "https://codeload.github.com/discordjs/discord.js/tar.gz/df1889ab4902416de2bf6b3c144d55e35dbf116f"
    dependencies:
      form-data "^2.3.3"
      node-fetch "^2.3.0"
      pako "^1.0.8"
      prism-media amishshah/prism-media
      setimmediate "^1.0.5"
      tweetnacl "^1.0.1"
      ws "^6.1.3"
  
  enmap@^4.8.1:
    version "4.8.1"
    resolved "https://registry.yarnpkg.com/enmap/-/enmap-4.8.1.tgz#908970f8dd839f1dcae7211f27ad434b87be7a9e"
    integrity sha512-VYe64/sws4BKSmHaRw/XsBVbIjBQfgqvrtm3wna97c6IbrUqD/mLpT6/6PPX4276XhyuZhdBirvGe2mFS/PfXg==
    dependencies:
      lodash "^4.17.11"
  
  form-data@^2.3.3:
    version "2.3.3"
    resolved "https://registry.yarnpkg.com/form-data/-/form-data-2.3.3.tgz#dcce52c05f644f298c6a7ab936bd724ceffbf3a6"
    integrity sha512-1lLKB2Mu3aGP1Q/2eCOx0fNbRMe7XdwktwOruhfqqd0rIJWwN4Dh+E3hrPSlDCXnSR7UtZ1N38rVXm+6+MEhJQ==
    dependencies:
      asynckit "^0.4.0"
      combined-stream "^1.0.6"
      mime-types "^2.1.12"
  
  fs-nextra@^0.4.5:
    version "0.4.5"
    resolved "https://registry.yarnpkg.com/fs-nextra/-/fs-nextra-0.4.5.tgz#0f44a00dd6c0547adaf59ce875e59941d0c70664"
    integrity sha512-oY2o6j0izYzJWp2sow21SekkR3qeMZqHV5ZfNFvfKimFU7piw1/AWwiwbcWjuSfwrfCmHyHymWZOyNbKOzew5g==
  
  lodash@^4.17.11:
    version "4.17.11"
    resolved "https://registry.yarnpkg.com/lodash/-/lodash-4.17.11.tgz#b39ea6229ef607ecd89e2c8df12536891cac9b8d"
    integrity sha512-cQKh8igo5QUhZ7lg38DYWAxMvjSAKG0A8wGSVimP07SIUEK2UO+arSRKbRZWtelMtN5V0Hkwh5ryOto/SshYIg==
  
  mime-db@~1.38.0:
    version "1.38.0"
    resolved "https://registry.yarnpkg.com/mime-db/-/mime-db-1.38.0.tgz#1a2aab16da9eb167b49c6e4df2d9c68d63d8e2ad"
    integrity sha512-bqVioMFFzc2awcdJZIzR3HjZFX20QhilVS7hytkKrv7xFAn8bM1gzc/FOX2awLISvWe0PV8ptFKcon+wZ5qYkg==
  
  mime-types@^2.1.12:
    version "2.1.22"
    resolved "https://registry.yarnpkg.com/mime-types/-/mime-types-2.1.22.tgz#fe6b355a190926ab7698c9a0556a11199b2199bd"
    integrity sha512-aGl6TZGnhm/li6F7yx82bJiBZwgiEa4Hf6CNr8YO+r5UHr53tSTYZb102zyU50DOWWKeOv0uQLRL0/9EiKWCog==
    dependencies:
      mime-db "~1.38.0"
  
  node-fetch@^2.3.0:
    version "2.3.0"
    resolved "https://registry.yarnpkg.com/node-fetch/-/node-fetch-2.3.0.tgz#1a1d940bbfb916a1d3e0219f037e89e71f8c5fa5"
    integrity sha512-MOd8pV3fxENbryESLgVIeaGKrdl+uaYhCSSVkjeOb/31/njTpcis5aWfdqgNlHIrKOLRbMnfPINPOML2CIFeXA==
  
  pako@^1.0.8:
    version "1.0.10"
    resolved "https://registry.yarnpkg.com/pako/-/pako-1.0.10.tgz#4328badb5086a426aa90f541977d4955da5c9732"
    integrity sha512-0DTvPVU3ed8+HNXOu5Bs+o//Mbdj9VNQMUOe9oKCwh8l0GNwpTDMKCWbRjgtD291AWnkAgkqA/LOnQS8AmS1tw==
  
  prism-media@amishshah/prism-media:
    version "1.0.1"
    resolved "https://codeload.github.com/amishshah/prism-media/tar.gz/9f7970f3497b12a26fb00a9d98fb3fc0a412a9ee"
  
  setimmediate@^1.0.5:
    version "1.0.5"
    resolved "https://registry.yarnpkg.com/setimmediate/-/setimmediate-1.0.5.tgz#290cbb232e306942d7d7ea9b83732ab7856f8285"
    integrity sha1-KQy7Iy4waULX1+qbg3Mqt4VvgoU=
  
  tweetnacl@^1.0.1:
    version "1.0.1"
    resolved "https://registry.yarnpkg.com/tweetnacl/-/tweetnacl-1.0.1.tgz#2594d42da73cd036bd0d2a54683dd35a6b55ca17"
    integrity sha512-kcoMoKTPYnoeS50tzoqjPY3Uv9axeuuFAZY9M/9zFnhoVvRfxz9K29IMPD7jGmt2c8SW7i3gT9WqDl2+nV7p4A==
  
  typescript@^3.3.3333:
    version "3.3.3333"
    resolved "https://registry.yarnpkg.com/typescript/-/typescript-3.3.3333.tgz#171b2c5af66c59e9431199117a3bcadc66fdcfd6"
    integrity sha512-JjSKsAfuHBE/fB2oZ8NxtRTk5iGcg6hkYXMnZ3Wc+b2RSqejEqTaem11mHASMnFilHrax3sLK0GDzcJrekZYLw==
  
  ws@^6.1.3:
    version "6.2.0"
    resolved "https://registry.yarnpkg.com/ws/-/ws-6.2.0.tgz#13806d9913b2a5f3cbb9ba47b563c002cbc7c526"
    integrity sha512-deZYUNlt2O4buFCa3t5bKLf8A7FPP/TVjwOeVNpw818Ma5nk4MLXls2eoEGS39o8119QIYxTrTDoPQ5B/gTD6w==
    dependencies:
      async-limiter "~1.0.0"
